[  1%] Building CXX object CMakeFiles/slaythespire.dir/src/combat/BattleContext.cpp.o
In file included from /Users/bensmith/development/sts_lightspeed/src/combat/BattleContext.cpp:5:
In file included from /Users/bensmith/development/sts_lightspeed/include/combat/BattleContext.h:11:
/Users/bensmith/development/sts_lightspeed/include/sts_common.h:5:9: warning: 'STS_LIGHTSPEED_STS_COMMON_H' is used as a header guard here, followed by #define of a different macro [-Wheader-guard]
    5 | #ifndef STS_LIGHTSPEED_STS_COMMON_H
      |         ^~~~~~~~~~~~~~~~~~~~~~~~~~~
/Users/bensmith/development/sts_lightspeed/include/sts_common.h:6:9: note: 'STS_LIGHTSPEED_STS_COMMON_Hs' is defined here; did you mean 'STS_LIGHTSPEED_STS_COMMON_H'?
    6 | #define STS_LIGHTSPEED_STS_COMMON_Hs
      |         ^~~~~~~~~~~~~~~~~~~~~~~~~~~~
      |         STS_LIGHTSPEED_STS_COMMON_H
/Users/bensmith/development/sts_lightspeed/src/combat/BattleContext.cpp:253:44: error: too few arguments to function call, expected 2, have 1
  253 |                 p.channelOrb(Orb::LIGHTNING);
      |                 ~~~~~~~~~~~~               ^
/Users/bensmith/development/sts_lightspeed/include/combat/Player.h:137:14: note: 'channelOrb' declared here
  137 |         void channelOrb(BattleContext &bc, Orb orb);
      |              ^          ~~~~~~~~~~~~~~~~~~~~~~~~~~
/Users/bensmith/development/sts_lightspeed/src/combat/BattleContext.cpp:303:35: error: no member named 'FUSION' in 'Orb'
  303 |                 p.channelOrb(Orb::FUSION);
      |                              ~~~~~^
/Users/bensmith/development/sts_lightspeed/src/combat/BattleContext.cpp:347:39: error: too few arguments to function call, expected 2, have 1
  347 |                 p.channelOrb(Orb::DARK);
      |                 ~~~~~~~~~~~~          ^
/Users/bensmith/development/sts_lightspeed/include/combat/Player.h:137:14: note: 'channelOrb' declared here
  137 |         void channelOrb(BattleContext &bc, Orb orb);
      |              ^          ~~~~~~~~~~~~~~~~~~~~~~~~~~
/Users/bensmith/development/sts_lightspeed/src/combat/BattleContext.cpp:1751:62: error: too few arguments to function call, expected 2, have 1
 1751 |             addToBot( Actions::BouncingFlaskAction(up ? 4 : 3) );
      |                       ~~~~~~~~~~~~~~~~~~~~~~~~~~~~           ^
/Users/bensmith/development/sts_lightspeed/include/combat/Actions.h:113:23: note: 'BouncingFlaskAction' declared here
  113 |         static Action BouncingFlaskAction(int amount, int bounceCount);
      |                       ^                   ~~~~~~~~~~~~~~~~~~~~~~~~~~~
/Users/bensmith/development/sts_lightspeed/src/combat/BattleContext.cpp:1764:22: error: no member named 'BURNOUT' in 'sts::CardId'; did you mean 'BURST'?
 1764 |         case CardId::BURNOUT: {
      |              ~~~~~~~~^~~~~~~
      |                      BURST
/Users/bensmith/development/sts_lightspeed/include/constants/Cards.h:66:9: note: 'BURST' declared here
   66 |         BURST,
      |         ^
/Users/bensmith/development/sts_lightspeed/src/combat/BattleContext.cpp:1790:23: error: no matching function for call to 'MakeTempCardInHand'
 1790 |             addToBot( Actions::MakeTempCardInHand( CardInstance(CardId::SHIV), true, up ? 2 : 1 ) );
      |                       ^~~~~~~~~~~~~~~~~~~~~~~~~~~
/Users/bensmith/development/sts_lightspeed/include/combat/Actions.h:89:23: note: candidate function not viable: no known conversion from 'CardInstance' to 'CardId' for 1st argument
   89 |         static Action MakeTempCardInHand(CardId card, bool upgraded= false, int amount = 1);
      |                       ^                  ~~~~~~~~~~~
/Users/bensmith/development/sts_lightspeed/include/combat/Actions.h:90:23: note: candidate function not viable: requires at most 2 arguments, but 3 were provided
   90 |         static Action MakeTempCardInHand(CardInstance c, int amount = 1);
      |                       ^                  ~~~~~~~~~~~~~~~~~~~~~~~~~~~~~~
/Users/bensmith/development/sts_lightspeed/src/combat/BattleContext.cpp:1953:29: error: no matching function for call to 'MakeTempCardInHand'
 1953 |                 b.addToTop( Actions::MakeTempCardInHand( CardInstance(CardId::SHIV), true, count ) ); // up = upgrade shivs? 
      |                             ^~~~~~~~~~~~~~~~~~~~~~~~~~~
/Users/bensmith/development/sts_lightspeed/include/combat/Actions.h:89:23: note: candidate function not viable: no known conversion from 'CardInstance' to 'CardId' for 1st argument
   89 |         static Action MakeTempCardInHand(CardId card, bool upgraded= false, int amount = 1);
      |                       ^                  ~~~~~~~~~~~
/Users/bensmith/development/sts_lightspeed/include/combat/Actions.h:90:23: note: candidate function not viable: requires at most 2 arguments, but 3 were provided
   90 |         static Action MakeTempCardInHand(CardInstance c, int amount = 1);
      |                       ^                  ~~~~~~~~~~~~~~~~~~~~~~~~~~~~~~
/Users/bensmith/development/sts_lightspeed/src/combat/BattleContext.cpp:2516:41: error: too few arguments to function call, expected 2, have 1
 2516 |             player.channelOrb(Orb::FROST);
      |             ~~~~~~~~~~~~~~~~~           ^
/Users/bensmith/development/sts_lightspeed/include/combat/Player.h:137:14: note: 'channelOrb' declared here
  137 |         void channelOrb(BattleContext &bc, Orb orb);
      |              ^          ~~~~~~~~~~~~~~~~~~~~~~~~~~
/Users/bensmith/development/sts_lightspeed/include/combat/Player.h:454:36: warning: shift count is negative [-Wshift-count-negative]
  454 |                 relicBits1 |= 1ULL << ((int)r-64);
      |                                    ^  ~~~~~~~~~~~
/Users/bensmith/development/sts_lightspeed/src/combat/BattleContext.cpp:178:19: note: in instantiation of function template specialization 'sts::Player::setHasRelic<sts::RelicId::LIZARD_TAIL>' requested here
  178 |                 p.setHasRelic<R::LIZARD_TAIL>(r.data);
      |                   ^
In file included from /Users/bensmith/development/sts_lightspeed/src/combat/BattleContext.cpp:5:
In file included from /Users/bensmith/development/sts_lightspeed/include/combat/BattleContext.h:17:
/Users/bensmith/development/sts_lightspeed/include/combat/Player.h:460:38: warning: shift count is negative [-Wshift-count-negative]
  460 |                 relicBits1 &= ~(1ULL << ((int)r-64));
      |                                      ^  ~~~~~~~~~~~
/Users/bensmith/development/sts_lightspeed/include/combat/Player.h:454:36: warning: shift count is negative [-Wshift-count-negative]
  454 |                 relicBits1 |= 1ULL << ((int)r-64);
      |                                    ^  ~~~~~~~~~~~
/Users/bensmith/development/sts_lightspeed/src/combat/BattleContext.cpp:186:19: note: in instantiation of function template specialization 'sts::Player::setHasRelic<sts::RelicId::OMAMORI>' requested here
  186 |                 p.setHasRelic<R::OMAMORI>(r.data);
      |                   ^
In file included from /Users/bensmith/development/sts_lightspeed/src/combat/BattleContext.cpp:5:
In file included from /Users/bensmith/development/sts_lightspeed/include/combat/BattleContext.h:17:
/Users/bensmith/development/sts_lightspeed/include/combat/Player.h:460:38: warning: shift count is negative [-Wshift-count-negative]
  460 |                 relicBits1 &= ~(1ULL << ((int)r-64));
      |                                      ^  ~~~~~~~~~~~
/Users/bensmith/development/sts_lightspeed/include/combat/Player.h:470:39: warning: shift count is negative [-Wshift-count-negative]
  470 |             return relicBits1 & (1ULL << ((int)r-64));
      |                                       ^  ~~~~~~~~~~~
/Users/bensmith/development/sts_lightspeed/include/combat/Player.h:371:30: note: in instantiation of function template specialization 'sts::Player::hasRelic<sts::RelicId::GINGER>' requested here
  371 |         if (s == PS::WEAK && hasRelic<RelicId::GINGER>()) {
      |                              ^
/Users/bensmith/development/sts_lightspeed/src/combat/BattleContext.cpp:211:19: note: in instantiation of function template specialization 'sts::Player::debuff<PlayerStatus::CONFUSED>' requested here
  211 |                 p.debuff<PS::CONFUSED>(1);
      |                   ^
In file included from /Users/bensmith/development/sts_lightspeed/src/combat/BattleContext.cpp:5:
In file included from /Users/bensmith/development/sts_lightspeed/include/combat/BattleContext.h:17:
/Users/bensmith/development/sts_lightspeed/include/combat/Player.h:470:39: warning: shift count is negative [-Wshift-count-negative]
  470 |             return relicBits1 & (1ULL << ((int)r-64));
      |                                       ^  ~~~~~~~~~~~
/Users/bensmith/development/sts_lightspeed/src/combat/BattleContext.cpp:463:20: note: in instantiation of function template specialization 'sts::Player::hasRelic<sts::RelicId::OMAMORI>' requested here
  463 |         if (player.hasRelic<R::OMAMORI>()) {
      |                    ^
In file included from /Users/bensmith/development/sts_lightspeed/src/combat/BattleContext.cpp:5:
In file included from /Users/bensmith/development/sts_lightspeed/include/combat/BattleContext.h:17:
/Users/bensmith/development/sts_lightspeed/include/combat/Player.h:470:39: warning: shift count is negative [-Wshift-count-negative]
  470 |             return relicBits1 & (1ULL << ((int)r-64));
      |                                       ^  ~~~~~~~~~~~
/Users/bensmith/development/sts_lightspeed/src/combat/BattleContext.cpp:564:29: note: in instantiation of function template specialization 'sts::Player::hasRelic<sts::RelicId::LIZARD_TAIL>' requested here
  564 |                 if (!player.hasRelic<R::LIZARD_TAIL>()) {
      |                             ^
In file included from /Users/bensmith/development/sts_lightspeed/src/combat/BattleContext.cpp:5:
In file included from /Users/bensmith/development/sts_lightspeed/include/combat/BattleContext.h:17:
/Users/bensmith/development/sts_lightspeed/include/combat/Player.h:470:39: warning: shift count is negative [-Wshift-count-negative]
  470 |             return relicBits1 & (1ULL << ((int)r-64));
      |                                       ^  ~~~~~~~~~~~
/Users/bensmith/development/sts_lightspeed/include/combat/BattleContext.h:309:43: note: in instantiation of function template specialization 'sts::Player::hasRelic<sts::RelicId::CHAMPION_BELT>' requested here
  309 |         if (s == MS::VULNERABLE && player.hasRelic<RelicId::CHAMPION_BELT>()) {
      |                                           ^
/Users/bensmith/development/sts_lightspeed/include/combat/BattleContext.h:276:16: note: in instantiation of function template specialization 'sts::BattleContext::debuffEnemy<sts::MonsterStatus::VULNERABLE>' requested here
  276 |             bc.debuffEnemy<s>(idx, finalAmount, isSourceMonster);
      |                ^
/Users/bensmith/development/sts_lightspeed/src/combat/BattleContext.cpp:983:32: note: in instantiation of function template specialization 'sts::Actions::DebuffEnemy<sts::MonsterStatus::VULNERABLE>' requested here
  983 |             addToBot( Actions::DebuffEnemy<MS::VULNERABLE>(t, up ? 3 : 2, false) );
      |                                ^
In file included from /Users/bensmith/development/sts_lightspeed/src/combat/BattleContext.cpp:5:
In file included from /Users/bensmith/development/sts_lightspeed/include/combat/BattleContext.h:17:
/Users/bensmith/development/sts_lightspeed/include/combat/Player.h:470:39: warning: shift count is negative [-Wshift-count-negative]
  470 |             return relicBits1 & (1ULL << ((int)r-64));
      |                                       ^  ~~~~~~~~~~~
/Users/bensmith/development/sts_lightspeed/include/combat/BattleContext.h:272:51: note: in instantiation of function template specialization 'sts::Player::hasRelic<sts::RelicId::SNECKO_SKULL>' requested here
  272 |                 if (!isSourceMonster && bc.player.hasRelic<R::SNECKO_SKULL>()) {
      |                                                   ^
/Users/bensmith/development/sts_lightspeed/src/combat/BattleContext.cpp:1332:32: note: in instantiation of function template specialization 'sts::Actions::DebuffEnemy<sts::MonsterStatus::POISON>' requested here
 1332 |             addToBot( Actions::DebuffEnemy<MS::POISON>(t, up ? 4 : 3, false) );
      |                                ^
In file included from /Users/bensmith/development/sts_lightspeed/src/combat/BattleContext.cpp:5:
In file included from /Users/bensmith/development/sts_lightspeed/include/combat/BattleContext.h:17:
/Users/bensmith/development/sts_lightspeed/include/combat/Player.h:470:39: warning: shift count is negative [-Wshift-count-negative]
  470 |             return relicBits1 & (1ULL << ((int)r-64));
      |                                       ^  ~~~~~~~~~~~
/Users/bensmith/development/sts_lightspeed/src/combat/BattleContext.cpp:1362:30: note: in instantiation of function template specialization 'sts::Player::hasRelic<sts::RelicId::CHEMICAL_X>' requested here
 1362 |                 if (b.player.hasRelic<R::CHEMICAL_X>()) e += 2;
      |                              ^
In file included from /Users/bensmith/development/sts_lightspeed/src/combat/BattleContext.cpp:5:
In file included from /Users/bensmith/development/sts_lightspeed/include/combat/BattleContext.h:17:
/Users/bensmith/development/sts_lightspeed/include/combat/Player.h:470:39: warning: shift count is negative [-Wshift-count-negative]
  470 |             return relicBits1 & (1ULL << ((int)r-64));
      |                                       ^  ~~~~~~~~~~~
/Users/bensmith/development/sts_lightspeed/src/combat/BattleContext.cpp:2137:11: note: in instantiation of function template specialization 'sts::Player::hasRelic<sts::RelicId::INK_BOTTLE>' requested here
 2137 |     if (p.hasRelic<R::INK_BOTTLE>()) {
      |           ^
In file included from /Users/bensmith/development/sts_lightspeed/src/combat/BattleContext.cpp:5:
In file included from /Users/bensmith/development/sts_lightspeed/include/combat/BattleContext.h:17:
/Users/bensmith/development/sts_lightspeed/include/combat/Player.h:470:39: warning: shift count is negative [-Wshift-count-negative]
  470 |             return relicBits1 & (1ULL << ((int)r-64));
      |                                       ^  ~~~~~~~~~~~
/Users/bensmith/development/sts_lightspeed/src/combat/BattleContext.cpp:2145:11: note: in instantiation of function template specialization 'sts::Player::hasRelic<sts::RelicId::KUNAI>' requested here
 2145 |     if (p.hasRelic<R::KUNAI>() && p.attacksPlayedThisTurn % 3 == 0) {
      |           ^
In file included from /Users/bensmith/development/sts_lightspeed/src/combat/BattleContext.cpp:5:
In file included from /Users/bensmith/development/sts_lightspeed/include/combat/BattleContext.h:17:
/Users/bensmith/development/sts_lightspeed/include/combat/Player.h:470:39: warning: shift count is negative [-Wshift-count-negative]
  470 |             return relicBits1 & (1ULL << ((int)r-64));
      |                                       ^  ~~~~~~~~~~~
/Users/bensmith/development/sts_lightspeed/src/combat/BattleContext.cpp:2149:11: note: in instantiation of function template specialization 'sts::Player::hasRelic<sts::RelicId::ORANGE_PELLETS>' requested here
 2149 |     if (p.hasRelic<R::ORANGE_PELLETS>()) {
      |           ^
In file included from /Users/bensmith/development/sts_lightspeed/src/combat/BattleContext.cpp:5:
In file included from /Users/bensmith/development/sts_lightspeed/include/combat/BattleContext.h:17:
/Users/bensmith/development/sts_lightspeed/include/combat/Player.h:470:39: warning: shift count is negative [-Wshift-count-negative]
  470 |             return relicBits1 & (1ULL << ((int)r-64));
      |                                       ^  ~~~~~~~~~~~
/Users/bensmith/development/sts_lightspeed/src/combat/BattleContext.cpp:2157:11: note: in instantiation of function template specialization 'sts::Player::hasRelic<sts::RelicId::ORNAMENTAL_FAN>' requested here
 2157 |     if (p.hasRelic<R::ORNAMENTAL_FAN>() && p.attacksPlayedThisTurn % 3 == 0) {
      |           ^
In file included from /Users/bensmith/development/sts_lightspeed/src/combat/BattleContext.cpp:5:
In file included from /Users/bensmith/development/sts_lightspeed/include/combat/BattleContext.h:17:
/Users/bensmith/development/sts_lightspeed/include/combat/Player.h:470:39: warning: shift count is negative [-Wshift-count-negative]
  470 |             return relicBits1 & (1ULL << ((int)r-64));
      |                                       ^  ~~~~~~~~~~~
/Users/bensmith/development/sts_lightspeed/src/combat/BattleContext.cpp:2161:11: note: in instantiation of function template specialization 'sts::Player::hasRelic<sts::RelicId::SHURIKEN>' requested here
 2161 |     if (p.hasRelic<R::SHURIKEN>() && p.attacksPlayedThisTurn % 3 == 0) {
      |           ^
In file included from /Users/bensmith/development/sts_lightspeed/src/combat/BattleContext.cpp:5:
In file included from /Users/bensmith/development/sts_lightspeed/include/combat/BattleContext.h:17:
/Users/bensmith/development/sts_lightspeed/include/combat/Player.h:470:39: warning: shift count is negative [-Wshift-count-negative]
  470 |             return relicBits1 & (1ULL << ((int)r-64));
      |                                       ^  ~~~~~~~~~~~
/Users/bensmith/development/sts_lightspeed/src/combat/BattleContext.cpp:2165:11: note: in instantiation of function template specialization 'sts::Player::hasRelic<sts::RelicId::NECRONOMICON>' requested here
 2165 |     if (p.hasRelic<R::NECRONOMICON>() && !p.haveUsedNecronomiconThisTurn && !item.freeToPlay && !item.purgeOnUse &&
      |           ^
In file included from /Users/bensmith/development/sts_lightspeed/src/combat/BattleContext.cpp:5:
In file included from /Users/bensmith/development/sts_lightspeed/include/combat/BattleContext.h:17:
/Users/bensmith/development/sts_lightspeed/include/combat/Player.h:470:39: warning: shift count is negative [-Wshift-count-negative]
  470 |             return relicBits1 & (1ULL << ((int)r-64));
      |                                       ^  ~~~~~~~~~~~
/Users/bensmith/development/sts_lightspeed/src/combat/BattleContext.cpp:2171:11: note: in instantiation of function template specialization 'sts::Player::hasRelic<sts::RelicId::PEN_NIB>' requested here
 2171 |     if (p.hasRelic<R::PEN_NIB>()) {
      |           ^
In file included from /Users/bensmith/development/sts_lightspeed/src/combat/BattleContext.cpp:5:
In file included from /Users/bensmith/development/sts_lightspeed/include/combat/BattleContext.h:17:
/Users/bensmith/development/sts_lightspeed/include/combat/Player.h:470:39: warning: shift count is negative [-Wshift-count-negative]
  470 |             return relicBits1 & (1ULL << ((int)r-64));
      |                                       ^  ~~~~~~~~~~~
/Users/bensmith/development/sts_lightspeed/src/combat/BattleContext.cpp:2179:11: note: in instantiation of function template specialization 'sts::Player::hasRelic<sts::RelicId::DUALITY>' requested here
 2179 |     if (p.hasRelic<R::DUALITY>()) {
      |           ^
In file included from /Users/bensmith/development/sts_lightspeed/src/combat/BattleContext.cpp:5:
In file included from /Users/bensmith/development/sts_lightspeed/include/combat/BattleContext.h:17:
/Users/bensmith/development/sts_lightspeed/include/combat/Player.h:470:39: warning: shift count is negative [-Wshift-count-negative]
  470 |             return relicBits1 & (1ULL << ((int)r-64));
      |                                       ^  ~~~~~~~~~~~
/Users/bensmith/development/sts_lightspeed/src/combat/BattleContext.cpp:2183:11: note: in instantiation of function template specialization 'sts::Player::hasRelic<sts::RelicId::NUNCHAKU>' requested here
 2183 |     if (p.hasRelic<R::NUNCHAKU>()) {
      |           ^
In file included from /Users/bensmith/development/sts_lightspeed/src/combat/BattleContext.cpp:5:
In file included from /Users/bensmith/development/sts_lightspeed/include/combat/BattleContext.h:17:
/Users/bensmith/development/sts_lightspeed/include/combat/Player.h:470:39: warning: shift count is negative [-Wshift-count-negative]
  470 |             return relicBits1 & (1ULL << ((int)r-64));
      |                                       ^  ~~~~~~~~~~~
/Users/bensmith/development/sts_lightspeed/src/combat/BattleContext.cpp:2270:11: note: in instantiation of function template specialization 'sts::Player::hasRelic<sts::RelicId::LETTER_OPENER>' requested here
 2270 |     if (p.hasRelic<R::LETTER_OPENER>()) {
      |           ^
In file included from /Users/bensmith/development/sts_lightspeed/src/combat/BattleContext.cpp:5:
In file included from /Users/bensmith/development/sts_lightspeed/include/combat/BattleContext.h:17:
/Users/bensmith/development/sts_lightspeed/include/combat/Player.h:470:39: warning: shift count is negative [-Wshift-count-negative]
  470 |             return relicBits1 & (1ULL << ((int)r-64));
      |                                       ^  ~~~~~~~~~~~
/Users/bensmith/development/sts_lightspeed/src/combat/BattleContext.cpp:2276:11: note: in instantiation of function template specialization 'sts::Player::hasRelic<sts::RelicId::MUMMIFIED_HAND>' requested here
 2276 |     if (p.hasRelic<R::MUMMIFIED_HAND>()) {
      |           ^
In file included from /Users/bensmith/development/sts_lightspeed/src/combat/BattleContext.cpp:5:
In file included from /Users/bensmith/development/sts_lightspeed/include/combat/BattleContext.h:17:
/Users/bensmith/development/sts_lightspeed/include/combat/Player.h:470:39: warning: shift count is negative [-Wshift-count-negative]
  470 |             return relicBits1 & (1ULL << ((int)r-64));
      |                                       ^  ~~~~~~~~~~~
/Users/bensmith/development/sts_lightspeed/src/combat/BattleContext.cpp:2328:11: note: in instantiation of function template specialization 'sts::Player::hasRelic<sts::RelicId::BIRD_FACED_URN>' requested here
 2328 |     if (p.hasRelic<R::BIRD_FACED_URN>()) {
      |           ^
In file included from /Users/bensmith/development/sts_lightspeed/src/combat/BattleContext.cpp:5:
In file included from /Users/bensmith/development/sts_lightspeed/include/combat/BattleContext.h:17:
/Users/bensmith/development/sts_lightspeed/include/combat/Player.h:470:39: warning: shift count is negative [-Wshift-count-negative]
  470 |             return relicBits1 & (1ULL << ((int)r-64));
      |                                       ^  ~~~~~~~~~~~
/Users/bensmith/development/sts_lightspeed/src/combat/BattleContext.cpp:2390:15: note: in instantiation of function template specialization 'sts::Player::hasRelic<sts::RelicId::BLUE_CANDLE>' requested here
 2390 |         if (p.hasRelic<R::BLUE_CANDLE>()) {
      |               ^
In file included from /Users/bensmith/development/sts_lightspeed/src/combat/BattleContext.cpp:5:
In file included from /Users/bensmith/development/sts_lightspeed/include/combat/BattleContext.h:17:
/Users/bensmith/development/sts_lightspeed/include/combat/Player.h:470:39: warning: shift count is negative [-Wshift-count-negative]
  470 |             return relicBits1 & (1ULL << ((int)r-64));
      |                                       ^  ~~~~~~~~~~~
/Users/bensmith/development/sts_lightspeed/src/combat/BattleContext.cpp:2396:15: note: in instantiation of function template specialization 'sts::Player::hasRelic<sts::RelicId::MEDICAL_KIT>' requested here
 2396 |         if (p.hasRelic<R::MEDICAL_KIT>()) {
      |               ^
In file included from /Users/bensmith/development/sts_lightspeed/src/combat/BattleContext.cpp:5:
In file included from /Users/bensmith/development/sts_lightspeed/include/combat/BattleContext.h:17:
/Users/bensmith/development/sts_lightspeed/include/combat/Player.h:470:39: warning: shift count is negative [-Wshift-count-negative]
  470 |             return relicBits1 & (1ULL << ((int)r-64));
      |                                       ^  ~~~~~~~~~~~
/Users/bensmith/development/sts_lightspeed/src/combat/BattleContext.cpp:2510:16: note: in instantiation of function template specialization 'sts::Player::hasRelic<sts::RelicId::CLOAK_CLASP>' requested here
 2510 |     if (player.hasRelic<R::CLOAK_CLASP>()) {
      |                ^
In file included from /Users/bensmith/development/sts_lightspeed/src/combat/BattleContext.cpp:5:
In file included from /Users/bensmith/development/sts_lightspeed/include/combat/BattleContext.h:17:
/Users/bensmith/development/sts_lightspeed/include/combat/Player.h:470:39: warning: shift count is negative [-Wshift-count-negative]
  470 |             return relicBits1 & (1ULL << ((int)r-64));
      |                                       ^  ~~~~~~~~~~~
/Users/bensmith/development/sts_lightspeed/src/combat/BattleContext.cpp:2514:16: note: in instantiation of function template specialization 'sts::Player::hasRelic<sts::RelicId::FROZEN_CORE>' requested here
 2514 |     if (player.hasRelic<R::FROZEN_CORE>()) {
      |                ^
In file included from /Users/bensmith/development/sts_lightspeed/src/combat/BattleContext.cpp:5:
In file included from /Users/bensmith/development/sts_lightspeed/include/combat/BattleContext.h:17:
/Users/bensmith/development/sts_lightspeed/include/combat/Player.h:470:39: warning: shift count is negative [-Wshift-count-negative]
  470 |             return relicBits1 & (1ULL << ((int)r-64));
      |                                       ^  ~~~~~~~~~~~
/Users/bensmith/development/sts_lightspeed/src/combat/BattleContext.cpp:2520:16: note: in instantiation of function template specialization 'sts::Player::hasRelic<sts::RelicId::NILRYS_CODEX>' requested here
 2520 |     if (player.hasRelic<R::NILRYS_CODEX>()) {
      |                ^
In file included from /Users/bensmith/development/sts_lightspeed/src/combat/BattleContext.cpp:5:
In file included from /Users/bensmith/development/sts_lightspeed/include/combat/BattleContext.h:17:
/Users/bensmith/development/sts_lightspeed/include/combat/Player.h:470:39: warning: shift count is negative [-Wshift-count-negative]
  470 |             return relicBits1 & (1ULL << ((int)r-64));
      |                                       ^  ~~~~~~~~~~~
/Users/bensmith/development/sts_lightspeed/src/combat/BattleContext.cpp:2524:16: note: in instantiation of function template specialization 'sts::Player::hasRelic<sts::RelicId::ORICHALCUM>' requested here
 2524 |     if (player.hasRelic<R::ORICHALCUM>()) {
      |                ^
In file included from /Users/bensmith/development/sts_lightspeed/src/combat/BattleContext.cpp:5:
In file included from /Users/bensmith/development/sts_lightspeed/include/combat/BattleContext.h:17:
/Users/bensmith/development/sts_lightspeed/include/combat/Player.h:470:39: warning: shift count is negative [-Wshift-count-negative]
  470 |             return relicBits1 & (1ULL << ((int)r-64));
      |                                       ^  ~~~~~~~~~~~
/Users/bensmith/development/sts_lightspeed/src/combat/BattleContext.cpp:2657:23: note: in instantiation of function template specialization 'sts::Player::hasRelic<sts::RelicId::CALIPERS>' requested here
 2657 |     } else if (player.hasRelic<R::CALIPERS>()) {
      |                       ^
In file included from /Users/bensmith/development/sts_lightspeed/src/combat/BattleContext.cpp:5:
In file included from /Users/bensmith/development/sts_lightspeed/include/combat/BattleContext.h:17:
/Users/bensmith/development/sts_lightspeed/include/combat/Player.h:470:39: warning: shift count is negative [-Wshift-count-negative]
  470 |             return relicBits1 & (1ULL << ((int)r-64));
      |                                       ^  ~~~~~~~~~~~
/Users/bensmith/development/sts_lightspeed/src/combat/BattleContext.cpp:2714:33: note: in instantiation of function template specialization 'sts::Player::hasRelic<sts::RelicId::SACRED_BARK>' requested here
 2714 |     const bool hasBark = player.hasRelic<R::SACRED_BARK>();
      |                                 ^
In file included from /Users/bensmith/development/sts_lightspeed/src/combat/BattleContext.cpp:5:
In file included from /Users/bensmith/development/sts_lightspeed/include/combat/BattleContext.h:17:
/Users/bensmith/development/sts_lightspeed/include/combat/Player.h:470:39: warning: shift count is negative [-Wshift-count-negative]
  470 |             return relicBits1 & (1ULL << ((int)r-64));
      |                                       ^  ~~~~~~~~~~~
/Users/bensmith/development/sts_lightspeed/src/combat/BattleContext.cpp:2962:17: note: in instantiation of function template specialization 'sts::Player::hasRelic<sts::RelicId::RUNIC_PYRAMID>' requested here
 2962 |     if (!player.hasRelic<R::RUNIC_PYRAMID>() && !player.hasStatus<PS::EQUILIBRIUM>()) {
      |                 ^
In file included from /Users/bensmith/development/sts_lightspeed/src/combat/BattleContext.cpp:5:
In file included from /Users/bensmith/development/sts_lightspeed/include/combat/BattleContext.h:17:
/Users/bensmith/development/sts_lightspeed/include/combat/Player.h:470:39: warning: shift count is negative [-Wshift-count-negative]
  470 |             return relicBits1 & (1ULL << ((int)r-64));
      |                                       ^  ~~~~~~~~~~~
/Users/bensmith/development/sts_lightspeed/src/combat/BattleContext.cpp:3196:20: note: in instantiation of function template specialization 'sts::Player::hasRelic<sts::RelicId::PAPER_PHROG>' requested here
 3196 |         if (player.hasRelic<R::PAPER_PHROG>()) {
      |                    ^
In file included from /Users/bensmith/development/sts_lightspeed/src/combat/BattleContext.cpp:5:
In file included from /Users/bensmith/development/sts_lightspeed/include/combat/BattleContext.h:17:
/Users/bensmith/development/sts_lightspeed/include/combat/Player.h:470:39: warning: shift count is negative [-Wshift-count-negative]
  470 |             return relicBits1 & (1ULL << ((int)r-64));
      |                                       ^  ~~~~~~~~~~~
/Users/bensmith/development/sts_lightspeed/src/combat/BattleContext.cpp:3274:16: note: in instantiation of function template specialization 'sts::Player::hasRelic<sts::RelicId::MELANGE>' requested here
 3274 |     if (player.hasRelic<R::MELANGE>()) {
      |                ^
In file included from /Users/bensmith/development/sts_lightspeed/src/combat/BattleContext.cpp:5:
In file included from /Users/bensmith/development/sts_lightspeed/include/combat/BattleContext.h:17:
/Users/bensmith/development/sts_lightspeed/include/combat/Player.h:470:39: warning: shift count is negative [-Wshift-count-negative]
  470 |             return relicBits1 & (1ULL << ((int)r-64));
      |                                       ^  ~~~~~~~~~~~
/Users/bensmith/development/sts_lightspeed/src/combat/BattleContext.cpp:3293:16: note: in instantiation of function template specialization 'sts::Player::hasRelic<sts::RelicId::CHARONS_ASHES>' requested here
 3293 |     if (player.hasRelic<R::CHARONS_ASHES>()) {
      |                ^
In file included from /Users/bensmith/development/sts_lightspeed/src/combat/BattleContext.cpp:5:
In file included from /Users/bensmith/development/sts_lightspeed/include/combat/BattleContext.h:17:
/Users/bensmith/development/sts_lightspeed/include/combat/Player.h:470:39: warning: shift count is negative [-Wshift-count-negative]
  470 |             return relicBits1 & (1ULL << ((int)r-64));
      |                                       ^  ~~~~~~~~~~~
/Users/bensmith/development/sts_lightspeed/src/combat/BattleContext.cpp:3297:16: note: in instantiation of function template specialization 'sts::Player::hasRelic<sts::RelicId::DEAD_BRANCH>' requested here
 3297 |     if (player.hasRelic<R::DEAD_BRANCH>()){
      |                ^
36 warnings and 8 errors generated.
make[2]: *** [CMakeFiles/slaythespire.dir/src/combat/BattleContext.cpp.o] Error 1
make[1]: *** [CMakeFiles/slaythespire.dir/all] Error 2
make: *** [all] Error 2
