[  1%] Building CXX object CMakeFiles/slaythespire.dir/src/combat/BattleContext.cpp.o
In file included from /Users/bensmith/development/sts_lightspeed/src/combat/BattleContext.cpp:5:
In file included from /Users/bensmith/development/sts_lightspeed/include/combat/BattleContext.h:11:
/Users/bensmith/development/sts_lightspeed/include/sts_common.h:5:9: warning: 'STS_LIGHTSPEED_STS_COMMON_H' is used as a header guard here, followed by #define of a different macro [-Wheader-guard]
    5 | #ifndef STS_LIGHTSPEED_STS_COMMON_H
      |         ^~~~~~~~~~~~~~~~~~~~~~~~~~~
/Users/bensmith/development/sts_lightspeed/include/sts_common.h:6:9: note: 'STS_LIGHTSPEED_STS_COMMON_Hs' is defined here; did you mean 'STS_LIGHTSPEED_STS_COMMON_H'?
    6 | #define STS_LIGHTSPEED_STS_COMMON_Hs
      |         ^~~~~~~~~~~~~~~~~~~~~~~~~~~~
      |         STS_LIGHTSPEED_STS_COMMON_H
/Users/bensmith/development/sts_lightspeed/src/combat/BattleContext.cpp:253:44: error: too few arguments to function call, expected 2, have 1
  253 |                 p.channelOrb(Orb::LIGHTNING);
      |                 ~~~~~~~~~~~~               ^
/Users/bensmith/development/sts_lightspeed/include/combat/Player.h:137:14: note: 'channelOrb' declared here
  137 |         void channelOrb(BattleContext &bc, Orb orb);
      |              ^          ~~~~~~~~~~~~~~~~~~~~~~~~~~
/Users/bensmith/development/sts_lightspeed/src/combat/BattleContext.cpp:303:35: error: no member named 'FUSION' in 'Orb'
  303 |                 p.channelOrb(Orb::FUSION);
      |                              ~~~~~^
/Users/bensmith/development/sts_lightspeed/src/combat/BattleContext.cpp:347:39: error: too few arguments to function call, expected 2, have 1
  347 |                 p.channelOrb(Orb::DARK);
      |                 ~~~~~~~~~~~~          ^
/Users/bensmith/development/sts_lightspeed/include/combat/Player.h:137:14: note: 'channelOrb' declared here
  137 |         void channelOrb(BattleContext &bc, Orb orb);
      |              ^          ~~~~~~~~~~~~~~~~~~~~~~~~~~
/Users/bensmith/development/sts_lightspeed/src/combat/BattleContext.cpp:2042:41: error: too few arguments to function call, expected 2, have 1
 2042 |             player.channelOrb(Orb::FROST);
      |             ~~~~~~~~~~~~~~~~~           ^
/Users/bensmith/development/sts_lightspeed/include/combat/Player.h:137:14: note: 'channelOrb' declared here
  137 |         void channelOrb(BattleContext &bc, Orb orb);
      |              ^          ~~~~~~~~~~~~~~~~~~~~~~~~~~
/Users/bensmith/development/sts_lightspeed/include/combat/Player.h:454:36: warning: shift count is negative [-Wshift-count-negative]
  454 |                 relicBits1 |= 1ULL << ((int)r-64);
      |                                    ^  ~~~~~~~~~~~
/Users/bensmith/development/sts_lightspeed/src/combat/BattleContext.cpp:178:19: note: in instantiation of function template specialization 'sts::Player::setHasRelic<sts::RelicId::LIZARD_TAIL>' requested here
  178 |                 p.setHasRelic<R::LIZARD_TAIL>(r.data);
      |                   ^
In file included from /Users/bensmith/development/sts_lightspeed/src/combat/BattleContext.cpp:5:
In file included from /Users/bensmith/development/sts_lightspeed/include/combat/BattleContext.h:17:
/Users/bensmith/development/sts_lightspeed/include/combat/Player.h:460:38: warning: shift count is negative [-Wshift-count-negative]
  460 |                 relicBits1 &= ~(1ULL << ((int)r-64));
      |                                      ^  ~~~~~~~~~~~
/Users/bensmith/development/sts_lightspeed/include/combat/Player.h:454:36: warning: shift count is negative [-Wshift-count-negative]
  454 |                 relicBits1 |= 1ULL << ((int)r-64);
      |                                    ^  ~~~~~~~~~~~
/Users/bensmith/development/sts_lightspeed/src/combat/BattleContext.cpp:186:19: note: in instantiation of function template specialization 'sts::Player::setHasRelic<sts::RelicId::OMAMORI>' requested here
  186 |                 p.setHasRelic<R::OMAMORI>(r.data);
      |                   ^
In file included from /Users/bensmith/development/sts_lightspeed/src/combat/BattleContext.cpp:5:
In file included from /Users/bensmith/development/sts_lightspeed/include/combat/BattleContext.h:17:
/Users/bensmith/development/sts_lightspeed/include/combat/Player.h:460:38: warning: shift count is negative [-Wshift-count-negative]
  460 |                 relicBits1 &= ~(1ULL << ((int)r-64));
      |                                      ^  ~~~~~~~~~~~
/Users/bensmith/development/sts_lightspeed/include/combat/Player.h:470:39: warning: shift count is negative [-Wshift-count-negative]
  470 |             return relicBits1 & (1ULL << ((int)r-64));
      |                                       ^  ~~~~~~~~~~~
/Users/bensmith/development/sts_lightspeed/include/combat/Player.h:371:30: note: in instantiation of function template specialization 'sts::Player::hasRelic<sts::RelicId::GINGER>' requested here
  371 |         if (s == PS::WEAK && hasRelic<RelicId::GINGER>()) {
      |                              ^
/Users/bensmith/development/sts_lightspeed/src/combat/BattleContext.cpp:211:19: note: in instantiation of function template specialization 'sts::Player::debuff<PlayerStatus::CONFUSED>' requested here
  211 |                 p.debuff<PS::CONFUSED>(1);
      |                   ^
In file included from /Users/bensmith/development/sts_lightspeed/src/combat/BattleContext.cpp:5:
In file included from /Users/bensmith/development/sts_lightspeed/include/combat/BattleContext.h:17:
/Users/bensmith/development/sts_lightspeed/include/combat/Player.h:470:39: warning: shift count is negative [-Wshift-count-negative]
  470 |             return relicBits1 & (1ULL << ((int)r-64));
      |                                       ^  ~~~~~~~~~~~
/Users/bensmith/development/sts_lightspeed/src/combat/BattleContext.cpp:463:20: note: in instantiation of function template specialization 'sts::Player::hasRelic<sts::RelicId::OMAMORI>' requested here
  463 |         if (player.hasRelic<R::OMAMORI>()) {
      |                    ^
In file included from /Users/bensmith/development/sts_lightspeed/src/combat/BattleContext.cpp:5:
In file included from /Users/bensmith/development/sts_lightspeed/include/combat/BattleContext.h:17:
/Users/bensmith/development/sts_lightspeed/include/combat/Player.h:470:39: warning: shift count is negative [-Wshift-count-negative]
  470 |             return relicBits1 & (1ULL << ((int)r-64));
      |                                       ^  ~~~~~~~~~~~
/Users/bensmith/development/sts_lightspeed/src/combat/BattleContext.cpp:564:29: note: in instantiation of function template specialization 'sts::Player::hasRelic<sts::RelicId::LIZARD_TAIL>' requested here
  564 |                 if (!player.hasRelic<R::LIZARD_TAIL>()) {
      |                             ^
In file included from /Users/bensmith/development/sts_lightspeed/src/combat/BattleContext.cpp:5:
In file included from /Users/bensmith/development/sts_lightspeed/include/combat/BattleContext.h:17:
/Users/bensmith/development/sts_lightspeed/include/combat/Player.h:470:39: warning: shift count is negative [-Wshift-count-negative]
  470 |             return relicBits1 & (1ULL << ((int)r-64));
      |                                       ^  ~~~~~~~~~~~
/Users/bensmith/development/sts_lightspeed/include/combat/BattleContext.h:301:43: note: in instantiation of function template specialization 'sts::Player::hasRelic<sts::RelicId::CHAMPION_BELT>' requested here
  301 |         if (s == MS::VULNERABLE && player.hasRelic<RelicId::CHAMPION_BELT>()) {
      |                                           ^
/Users/bensmith/development/sts_lightspeed/include/combat/BattleContext.h:268:16: note: in instantiation of function template specialization 'sts::BattleContext::debuffEnemy<sts::MonsterStatus::VULNERABLE>' requested here
  268 |             bc.debuffEnemy<s>(idx, amount, isSourceMonster);
      |                ^
/Users/bensmith/development/sts_lightspeed/src/combat/BattleContext.cpp:983:32: note: in instantiation of function template specialization 'sts::Actions::DebuffEnemy<sts::MonsterStatus::VULNERABLE>' requested here
  983 |             addToBot( Actions::DebuffEnemy<MS::VULNERABLE>(t, up ? 3 : 2, false) );
      |                                ^
In file included from /Users/bensmith/development/sts_lightspeed/src/combat/BattleContext.cpp:5:
In file included from /Users/bensmith/development/sts_lightspeed/include/combat/BattleContext.h:17:
/Users/bensmith/development/sts_lightspeed/include/combat/Player.h:470:39: warning: shift count is negative [-Wshift-count-negative]
  470 |             return relicBits1 & (1ULL << ((int)r-64));
      |                                       ^  ~~~~~~~~~~~
/Users/bensmith/development/sts_lightspeed/src/combat/BattleContext.cpp:1663:11: note: in instantiation of function template specialization 'sts::Player::hasRelic<sts::RelicId::INK_BOTTLE>' requested here
 1663 |     if (p.hasRelic<R::INK_BOTTLE>()) {
      |           ^
In file included from /Users/bensmith/development/sts_lightspeed/src/combat/BattleContext.cpp:5:
In file included from /Users/bensmith/development/sts_lightspeed/include/combat/BattleContext.h:17:
/Users/bensmith/development/sts_lightspeed/include/combat/Player.h:470:39: warning: shift count is negative [-Wshift-count-negative]
  470 |             return relicBits1 & (1ULL << ((int)r-64));
      |                                       ^  ~~~~~~~~~~~
/Users/bensmith/development/sts_lightspeed/src/combat/BattleContext.cpp:1671:11: note: in instantiation of function template specialization 'sts::Player::hasRelic<sts::RelicId::KUNAI>' requested here
 1671 |     if (p.hasRelic<R::KUNAI>() && p.attacksPlayedThisTurn % 3 == 0) {
      |           ^
In file included from /Users/bensmith/development/sts_lightspeed/src/combat/BattleContext.cpp:5:
In file included from /Users/bensmith/development/sts_lightspeed/include/combat/BattleContext.h:17:
/Users/bensmith/development/sts_lightspeed/include/combat/Player.h:470:39: warning: shift count is negative [-Wshift-count-negative]
  470 |             return relicBits1 & (1ULL << ((int)r-64));
      |                                       ^  ~~~~~~~~~~~
/Users/bensmith/development/sts_lightspeed/src/combat/BattleContext.cpp:1675:11: note: in instantiation of function template specialization 'sts::Player::hasRelic<sts::RelicId::ORANGE_PELLETS>' requested here
 1675 |     if (p.hasRelic<R::ORANGE_PELLETS>()) {
      |           ^
In file included from /Users/bensmith/development/sts_lightspeed/src/combat/BattleContext.cpp:5:
In file included from /Users/bensmith/development/sts_lightspeed/include/combat/BattleContext.h:17:
/Users/bensmith/development/sts_lightspeed/include/combat/Player.h:470:39: warning: shift count is negative [-Wshift-count-negative]
  470 |             return relicBits1 & (1ULL << ((int)r-64));
      |                                       ^  ~~~~~~~~~~~
/Users/bensmith/development/sts_lightspeed/src/combat/BattleContext.cpp:1683:11: note: in instantiation of function template specialization 'sts::Player::hasRelic<sts::RelicId::ORNAMENTAL_FAN>' requested here
 1683 |     if (p.hasRelic<R::ORNAMENTAL_FAN>() && p.attacksPlayedThisTurn % 3 == 0) {
      |           ^
In file included from /Users/bensmith/development/sts_lightspeed/src/combat/BattleContext.cpp:5:
In file included from /Users/bensmith/development/sts_lightspeed/include/combat/BattleContext.h:17:
/Users/bensmith/development/sts_lightspeed/include/combat/Player.h:470:39: warning: shift count is negative [-Wshift-count-negative]
  470 |             return relicBits1 & (1ULL << ((int)r-64));
      |                                       ^  ~~~~~~~~~~~
/Users/bensmith/development/sts_lightspeed/src/combat/BattleContext.cpp:1687:11: note: in instantiation of function template specialization 'sts::Player::hasRelic<sts::RelicId::SHURIKEN>' requested here
 1687 |     if (p.hasRelic<R::SHURIKEN>() && p.attacksPlayedThisTurn % 3 == 0) {
      |           ^
In file included from /Users/bensmith/development/sts_lightspeed/src/combat/BattleContext.cpp:5:
In file included from /Users/bensmith/development/sts_lightspeed/include/combat/BattleContext.h:17:
/Users/bensmith/development/sts_lightspeed/include/combat/Player.h:470:39: warning: shift count is negative [-Wshift-count-negative]
  470 |             return relicBits1 & (1ULL << ((int)r-64));
      |                                       ^  ~~~~~~~~~~~
/Users/bensmith/development/sts_lightspeed/src/combat/BattleContext.cpp:1691:11: note: in instantiation of function template specialization 'sts::Player::hasRelic<sts::RelicId::NECRONOMICON>' requested here
 1691 |     if (p.hasRelic<R::NECRONOMICON>() && !p.haveUsedNecronomiconThisTurn && !item.freeToPlay && !item.purgeOnUse &&
      |           ^
In file included from /Users/bensmith/development/sts_lightspeed/src/combat/BattleContext.cpp:5:
In file included from /Users/bensmith/development/sts_lightspeed/include/combat/BattleContext.h:17:
/Users/bensmith/development/sts_lightspeed/include/combat/Player.h:470:39: warning: shift count is negative [-Wshift-count-negative]
  470 |             return relicBits1 & (1ULL << ((int)r-64));
      |                                       ^  ~~~~~~~~~~~
/Users/bensmith/development/sts_lightspeed/src/combat/BattleContext.cpp:1697:11: note: in instantiation of function template specialization 'sts::Player::hasRelic<sts::RelicId::PEN_NIB>' requested here
 1697 |     if (p.hasRelic<R::PEN_NIB>()) {
      |           ^
In file included from /Users/bensmith/development/sts_lightspeed/src/combat/BattleContext.cpp:5:
In file included from /Users/bensmith/development/sts_lightspeed/include/combat/BattleContext.h:17:
/Users/bensmith/development/sts_lightspeed/include/combat/Player.h:470:39: warning: shift count is negative [-Wshift-count-negative]
  470 |             return relicBits1 & (1ULL << ((int)r-64));
      |                                       ^  ~~~~~~~~~~~
/Users/bensmith/development/sts_lightspeed/src/combat/BattleContext.cpp:1705:11: note: in instantiation of function template specialization 'sts::Player::hasRelic<sts::RelicId::DUALITY>' requested here
 1705 |     if (p.hasRelic<R::DUALITY>()) {
      |           ^
In file included from /Users/bensmith/development/sts_lightspeed/src/combat/BattleContext.cpp:5:
In file included from /Users/bensmith/development/sts_lightspeed/include/combat/BattleContext.h:17:
/Users/bensmith/development/sts_lightspeed/include/combat/Player.h:470:39: warning: shift count is negative [-Wshift-count-negative]
  470 |             return relicBits1 & (1ULL << ((int)r-64));
      |                                       ^  ~~~~~~~~~~~
/Users/bensmith/development/sts_lightspeed/src/combat/BattleContext.cpp:1709:11: note: in instantiation of function template specialization 'sts::Player::hasRelic<sts::RelicId::NUNCHAKU>' requested here
 1709 |     if (p.hasRelic<R::NUNCHAKU>()) {
      |           ^
In file included from /Users/bensmith/development/sts_lightspeed/src/combat/BattleContext.cpp:5:
In file included from /Users/bensmith/development/sts_lightspeed/include/combat/BattleContext.h:17:
/Users/bensmith/development/sts_lightspeed/include/combat/Player.h:470:39: warning: shift count is negative [-Wshift-count-negative]
  470 |             return relicBits1 & (1ULL << ((int)r-64));
      |                                       ^  ~~~~~~~~~~~
/Users/bensmith/development/sts_lightspeed/src/combat/BattleContext.cpp:1796:11: note: in instantiation of function template specialization 'sts::Player::hasRelic<sts::RelicId::LETTER_OPENER>' requested here
 1796 |     if (p.hasRelic<R::LETTER_OPENER>()) {
      |           ^
In file included from /Users/bensmith/development/sts_lightspeed/src/combat/BattleContext.cpp:5:
In file included from /Users/bensmith/development/sts_lightspeed/include/combat/BattleContext.h:17:
/Users/bensmith/development/sts_lightspeed/include/combat/Player.h:470:39: warning: shift count is negative [-Wshift-count-negative]
  470 |             return relicBits1 & (1ULL << ((int)r-64));
      |                                       ^  ~~~~~~~~~~~
/Users/bensmith/development/sts_lightspeed/src/combat/BattleContext.cpp:1802:11: note: in instantiation of function template specialization 'sts::Player::hasRelic<sts::RelicId::MUMMIFIED_HAND>' requested here
 1802 |     if (p.hasRelic<R::MUMMIFIED_HAND>()) {
      |           ^
In file included from /Users/bensmith/development/sts_lightspeed/src/combat/BattleContext.cpp:5:
In file included from /Users/bensmith/development/sts_lightspeed/include/combat/BattleContext.h:17:
/Users/bensmith/development/sts_lightspeed/include/combat/Player.h:470:39: warning: shift count is negative [-Wshift-count-negative]
  470 |             return relicBits1 & (1ULL << ((int)r-64));
      |                                       ^  ~~~~~~~~~~~
/Users/bensmith/development/sts_lightspeed/src/combat/BattleContext.cpp:1854:11: note: in instantiation of function template specialization 'sts::Player::hasRelic<sts::RelicId::BIRD_FACED_URN>' requested here
 1854 |     if (p.hasRelic<R::BIRD_FACED_URN>()) {
      |           ^
In file included from /Users/bensmith/development/sts_lightspeed/src/combat/BattleContext.cpp:5:
In file included from /Users/bensmith/development/sts_lightspeed/include/combat/BattleContext.h:17:
/Users/bensmith/development/sts_lightspeed/include/combat/Player.h:470:39: warning: shift count is negative [-Wshift-count-negative]
  470 |             return relicBits1 & (1ULL << ((int)r-64));
      |                                       ^  ~~~~~~~~~~~
/Users/bensmith/development/sts_lightspeed/src/combat/BattleContext.cpp:1916:15: note: in instantiation of function template specialization 'sts::Player::hasRelic<sts::RelicId::BLUE_CANDLE>' requested here
 1916 |         if (p.hasRelic<R::BLUE_CANDLE>()) {
      |               ^
In file included from /Users/bensmith/development/sts_lightspeed/src/combat/BattleContext.cpp:5:
In file included from /Users/bensmith/development/sts_lightspeed/include/combat/BattleContext.h:17:
/Users/bensmith/development/sts_lightspeed/include/combat/Player.h:470:39: warning: shift count is negative [-Wshift-count-negative]
  470 |             return relicBits1 & (1ULL << ((int)r-64));
      |                                       ^  ~~~~~~~~~~~
/Users/bensmith/development/sts_lightspeed/src/combat/BattleContext.cpp:1922:15: note: in instantiation of function template specialization 'sts::Player::hasRelic<sts::RelicId::MEDICAL_KIT>' requested here
 1922 |         if (p.hasRelic<R::MEDICAL_KIT>()) {
      |               ^
In file included from /Users/bensmith/development/sts_lightspeed/src/combat/BattleContext.cpp:5:
In file included from /Users/bensmith/development/sts_lightspeed/include/combat/BattleContext.h:17:
/Users/bensmith/development/sts_lightspeed/include/combat/Player.h:470:39: warning: shift count is negative [-Wshift-count-negative]
  470 |             return relicBits1 & (1ULL << ((int)r-64));
      |                                       ^  ~~~~~~~~~~~
/Users/bensmith/development/sts_lightspeed/src/combat/BattleContext.cpp:2036:16: note: in instantiation of function template specialization 'sts::Player::hasRelic<sts::RelicId::CLOAK_CLASP>' requested here
 2036 |     if (player.hasRelic<R::CLOAK_CLASP>()) {
      |                ^
In file included from /Users/bensmith/development/sts_lightspeed/src/combat/BattleContext.cpp:5:
In file included from /Users/bensmith/development/sts_lightspeed/include/combat/BattleContext.h:17:
/Users/bensmith/development/sts_lightspeed/include/combat/Player.h:470:39: warning: shift count is negative [-Wshift-count-negative]
  470 |             return relicBits1 & (1ULL << ((int)r-64));
      |                                       ^  ~~~~~~~~~~~
/Users/bensmith/development/sts_lightspeed/src/combat/BattleContext.cpp:2040:16: note: in instantiation of function template specialization 'sts::Player::hasRelic<sts::RelicId::FROZEN_CORE>' requested here
 2040 |     if (player.hasRelic<R::FROZEN_CORE>()) {
      |                ^
In file included from /Users/bensmith/development/sts_lightspeed/src/combat/BattleContext.cpp:5:
In file included from /Users/bensmith/development/sts_lightspeed/include/combat/BattleContext.h:17:
/Users/bensmith/development/sts_lightspeed/include/combat/Player.h:470:39: warning: shift count is negative [-Wshift-count-negative]
  470 |             return relicBits1 & (1ULL << ((int)r-64));
      |                                       ^  ~~~~~~~~~~~
/Users/bensmith/development/sts_lightspeed/src/combat/BattleContext.cpp:2046:16: note: in instantiation of function template specialization 'sts::Player::hasRelic<sts::RelicId::NILRYS_CODEX>' requested here
 2046 |     if (player.hasRelic<R::NILRYS_CODEX>()) {
      |                ^
In file included from /Users/bensmith/development/sts_lightspeed/src/combat/BattleContext.cpp:5:
In file included from /Users/bensmith/development/sts_lightspeed/include/combat/BattleContext.h:17:
/Users/bensmith/development/sts_lightspeed/include/combat/Player.h:470:39: warning: shift count is negative [-Wshift-count-negative]
  470 |             return relicBits1 & (1ULL << ((int)r-64));
      |                                       ^  ~~~~~~~~~~~
/Users/bensmith/development/sts_lightspeed/src/combat/BattleContext.cpp:2050:16: note: in instantiation of function template specialization 'sts::Player::hasRelic<sts::RelicId::ORICHALCUM>' requested here
 2050 |     if (player.hasRelic<R::ORICHALCUM>()) {
      |                ^
In file included from /Users/bensmith/development/sts_lightspeed/src/combat/BattleContext.cpp:5:
In file included from /Users/bensmith/development/sts_lightspeed/include/combat/BattleContext.h:17:
/Users/bensmith/development/sts_lightspeed/include/combat/Player.h:470:39: warning: shift count is negative [-Wshift-count-negative]
  470 |             return relicBits1 & (1ULL << ((int)r-64));
      |                                       ^  ~~~~~~~~~~~
/Users/bensmith/development/sts_lightspeed/src/combat/BattleContext.cpp:2183:23: note: in instantiation of function template specialization 'sts::Player::hasRelic<sts::RelicId::CALIPERS>' requested here
 2183 |     } else if (player.hasRelic<R::CALIPERS>()) {
      |                       ^
In file included from /Users/bensmith/development/sts_lightspeed/src/combat/BattleContext.cpp:5:
In file included from /Users/bensmith/development/sts_lightspeed/include/combat/BattleContext.h:17:
/Users/bensmith/development/sts_lightspeed/include/combat/Player.h:470:39: warning: shift count is negative [-Wshift-count-negative]
  470 |             return relicBits1 & (1ULL << ((int)r-64));
      |                                       ^  ~~~~~~~~~~~
/Users/bensmith/development/sts_lightspeed/src/combat/BattleContext.cpp:2240:33: note: in instantiation of function template specialization 'sts::Player::hasRelic<sts::RelicId::SACRED_BARK>' requested here
 2240 |     const bool hasBark = player.hasRelic<R::SACRED_BARK>();
      |                                 ^
In file included from /Users/bensmith/development/sts_lightspeed/src/combat/BattleContext.cpp:5:
In file included from /Users/bensmith/development/sts_lightspeed/include/combat/BattleContext.h:17:
/Users/bensmith/development/sts_lightspeed/include/combat/Player.h:470:39: warning: shift count is negative [-Wshift-count-negative]
  470 |             return relicBits1 & (1ULL << ((int)r-64));
      |                                       ^  ~~~~~~~~~~~
/Users/bensmith/development/sts_lightspeed/src/combat/BattleContext.cpp:2488:17: note: in instantiation of function template specialization 'sts::Player::hasRelic<sts::RelicId::RUNIC_PYRAMID>' requested here
 2488 |     if (!player.hasRelic<R::RUNIC_PYRAMID>() && !player.hasStatus<PS::EQUILIBRIUM>()) {
      |                 ^
In file included from /Users/bensmith/development/sts_lightspeed/src/combat/BattleContext.cpp:5:
In file included from /Users/bensmith/development/sts_lightspeed/include/combat/BattleContext.h:17:
/Users/bensmith/development/sts_lightspeed/include/combat/Player.h:470:39: warning: shift count is negative [-Wshift-count-negative]
  470 |             return relicBits1 & (1ULL << ((int)r-64));
      |                                       ^  ~~~~~~~~~~~
/Users/bensmith/development/sts_lightspeed/src/combat/BattleContext.cpp:2722:20: note: in instantiation of function template specialization 'sts::Player::hasRelic<sts::RelicId::PAPER_PHROG>' requested here
 2722 |         if (player.hasRelic<R::PAPER_PHROG>()) {
      |                    ^
In file included from /Users/bensmith/development/sts_lightspeed/src/combat/BattleContext.cpp:5:
In file included from /Users/bensmith/development/sts_lightspeed/include/combat/BattleContext.h:17:
/Users/bensmith/development/sts_lightspeed/include/combat/Player.h:470:39: warning: shift count is negative [-Wshift-count-negative]
  470 |             return relicBits1 & (1ULL << ((int)r-64));
      |                                       ^  ~~~~~~~~~~~
/Users/bensmith/development/sts_lightspeed/src/combat/BattleContext.cpp:2800:16: note: in instantiation of function template specialization 'sts::Player::hasRelic<sts::RelicId::MELANGE>' requested here
 2800 |     if (player.hasRelic<R::MELANGE>()) {
      |                ^
In file included from /Users/bensmith/development/sts_lightspeed/src/combat/BattleContext.cpp:5:
In file included from /Users/bensmith/development/sts_lightspeed/include/combat/BattleContext.h:17:
/Users/bensmith/development/sts_lightspeed/include/combat/Player.h:470:39: warning: shift count is negative [-Wshift-count-negative]
  470 |             return relicBits1 & (1ULL << ((int)r-64));
      |                                       ^  ~~~~~~~~~~~
/Users/bensmith/development/sts_lightspeed/src/combat/BattleContext.cpp:2819:16: note: in instantiation of function template specialization 'sts::Player::hasRelic<sts::RelicId::CHARONS_ASHES>' requested here
 2819 |     if (player.hasRelic<R::CHARONS_ASHES>()) {
      |                ^
In file included from /Users/bensmith/development/sts_lightspeed/src/combat/BattleContext.cpp:5:
In file included from /Users/bensmith/development/sts_lightspeed/include/combat/BattleContext.h:17:
/Users/bensmith/development/sts_lightspeed/include/combat/Player.h:470:39: warning: shift count is negative [-Wshift-count-negative]
  470 |             return relicBits1 & (1ULL << ((int)r-64));
      |                                       ^  ~~~~~~~~~~~
/Users/bensmith/development/sts_lightspeed/src/combat/BattleContext.cpp:2823:16: note: in instantiation of function template specialization 'sts::Player::hasRelic<sts::RelicId::DEAD_BRANCH>' requested here
 2823 |     if (player.hasRelic<R::DEAD_BRANCH>()){
      |                ^
34 warnings and 4 errors generated.
make[2]: *** [CMakeFiles/slaythespire.dir/src/combat/BattleContext.cpp.o] Error 1
make[1]: *** [CMakeFiles/slaythespire.dir/all] Error 2
make: *** [all] Error 2
